c:\users\chris\desktop\code\drum-midi-converter\drum-midi-converter\drum-midi-converter\debug\vc142.pdb
c:\users\chris\desktop\code\drum-midi-converter\drum-midi-converter\drum-midi-converter\debug\vc142.idb
c:\users\chris\desktop\code\drum-midi-converter\drum-midi-converter\drum-midi-converter\debug\drum-midi-converter.obj
c:\users\chris\desktop\code\drum-midi-converter\drum-midi-converter\drum-midi-converter\debug\midimessage.obj
c:\users\chris\desktop\code\drum-midi-converter\drum-midi-converter\drum-midi-converter\debug\midifile.obj
c:\users\chris\desktop\code\drum-midi-converter\drum-midi-converter\drum-midi-converter\debug\midieventlist.obj
c:\users\chris\desktop\code\drum-midi-converter\drum-midi-converter\drum-midi-converter\debug\midievent.obj
c:\users\chris\desktop\code\drum-midi-converter\drum-midi-converter\drum-midi-converter\debug\binasc.obj
c:\users\chris\desktop\code\drum-midi-converter\drum-midi-converter\drum-midi-converter\debug\modernandmassive.obj
c:\users\chris\desktop\code\drum-midi-converter\drum-midi-converter\debug\drum-midi-converter.pdb
c:\users\chris\desktop\code\drum-midi-converter\drum-midi-converter\drum-midi-converter\debug\drum-mid.92430942.tlog\cl.command.1.tlog
c:\users\chris\desktop\code\drum-midi-converter\drum-midi-converter\drum-midi-converter\debug\drum-mid.92430942.tlog\cl.read.1.tlog
c:\users\chris\desktop\code\drum-midi-converter\drum-midi-converter\drum-midi-converter\debug\drum-mid.92430942.tlog\cl.write.1.tlog
c:\users\chris\desktop\code\drum-midi-converter\drum-midi-converter\drum-midi-converter\debug\drum-mid.92430942.tlog\link.1936-cvtres.read.1.tlog
c:\users\chris\desktop\code\drum-midi-converter\drum-midi-converter\drum-midi-converter\debug\drum-mid.92430942.tlog\link.1936-cvtres.write.1.tlog
c:\users\chris\desktop\code\drum-midi-converter\drum-midi-converter\drum-midi-converter\debug\drum-mid.92430942.tlog\link.1936-rc.read.1.tlog
c:\users\chris\desktop\code\drum-midi-converter\drum-midi-converter\drum-midi-converter\debug\drum-mid.92430942.tlog\link.1936-rc.write.1.tlog
c:\users\chris\desktop\code\drum-midi-converter\drum-midi-converter\drum-midi-converter\debug\drum-mid.92430942.tlog\link.1936.read.1.tlog
c:\users\chris\desktop\code\drum-midi-converter\drum-midi-converter\drum-midi-converter\debug\drum-mid.92430942.tlog\link.1936.write.1.tlog
c:\users\chris\desktop\code\drum-midi-converter\drum-midi-converter\drum-midi-converter\debug\drum-mid.92430942.tlog\link.command.1.tlog
c:\users\chris\desktop\code\drum-midi-converter\drum-midi-converter\drum-midi-converter\debug\drum-mid.92430942.tlog\link.read.1.tlog
c:\users\chris\desktop\code\drum-midi-converter\drum-midi-converter\drum-midi-converter\debug\drum-mid.92430942.tlog\link.write.1.tlog
